Program Version,EnergyPlus, Version 8.2.0-8397c2e30b, YMD=2015.06.17 11:06,IDD_Version 8.2.0
   ** Warning ** IP: Note -- Some missing fields have been filled with defaults. See the audit output file for details.
   ************* Beginning Zone Sizing Calculations
   ** Warning ** ProcessScheduleInput: Schedule:Day:Interval="SCHEDULE DAY 1", Blank Schedule Type Limits Name input -- will not be validated.
   ** Warning ** ProcessScheduleInput: Schedule:Day:Interval="SCHEDULE DAY 10", Blank Schedule Type Limits Name input -- will not be validated.
   ** Warning ** ProcessScheduleInput: Schedule:Day:Interval="SCHEDULE DAY 11", Blank Schedule Type Limits Name input -- will not be validated.
   ** Warning ** ProcessScheduleInput: Schedule:Day:Interval="SCHEDULE DAY 12", Blank Schedule Type Limits Name input -- will not be validated.
   ** Warning ** ProcessScheduleInput: Schedule:Day:Interval="SCHEDULE DAY 13", Blank Schedule Type Limits Name input -- will not be validated.
   ** Warning ** ProcessScheduleInput: Schedule:Day:Interval="SCHEDULE DAY 14", Blank Schedule Type Limits Name input -- will not be validated.
   ** Warning ** ProcessScheduleInput: Schedule:Day:Interval="SCHEDULE DAY 15", Blank Schedule Type Limits Name input -- will not be validated.
   ** Warning ** ProcessScheduleInput: Schedule:Day:Interval="SCHEDULE DAY 16", Blank Schedule Type Limits Name input -- will not be validated.
   ** Warning ** ProcessScheduleInput: Schedule:Day:Interval="SCHEDULE DAY 17", Blank Schedule Type Limits Name input -- will not be validated.
   ** Warning ** ProcessScheduleInput: Schedule:Day:Interval="SCHEDULE DAY 19", Blank Schedule Type Limits Name input -- will not be validated.
   ** Warning ** ProcessScheduleInput: Schedule:Day:Interval="SCHEDULE DAY 2", Blank Schedule Type Limits Name input -- will not be validated.
   ** Warning ** ProcessScheduleInput: Schedule:Day:Interval="SCHEDULE DAY 20", Blank Schedule Type Limits Name input -- will not be validated.
   ** Warning ** ProcessScheduleInput: Schedule:Day:Interval="SCHEDULE DAY 21", Blank Schedule Type Limits Name input -- will not be validated.
   ** Warning ** ProcessScheduleInput: Schedule:Day:Interval="SCHEDULE DAY 22", Blank Schedule Type Limits Name input -- will not be validated.
   ** Warning ** ProcessScheduleInput: Schedule:Day:Interval="SCHEDULE DAY 3", Blank Schedule Type Limits Name input -- will not be validated.
   ** Warning ** ProcessScheduleInput: Schedule:Day:Interval="SCHEDULE DAY 4", Blank Schedule Type Limits Name input -- will not be validated.
   ** Warning ** ProcessScheduleInput: Schedule:Day:Interval="SCHEDULE DAY 5", Blank Schedule Type Limits Name input -- will not be validated.
   ** Warning ** ProcessScheduleInput: Schedule:Day:Interval="SCHEDULE DAY 6", Blank Schedule Type Limits Name input -- will not be validated.
   ** Warning ** ProcessScheduleInput: Schedule:Day:Interval="SCHEDULE DAY 7", Blank Schedule Type Limits Name input -- will not be validated.
   ** Warning ** ProcessScheduleInput: Schedule:Day:Interval="SCHEDULE DAY 8", Blank Schedule Type Limits Name input -- will not be validated.
   ** Warning ** ProcessScheduleInput: Schedule:Day:Interval="SCHEDULE DAY 9", Blank Schedule Type Limits Name input -- will not be validated.
   ** Warning ** ProcessScheduleInput: Schedule:Day:Interval="SMALLOFFICE PSZ-AC OPERATION SUMMER DESIGN DAY", Blank Schedule Type Limits Name input -- will not be validated.
   ** Warning ** ProcessScheduleInput: Schedule:Year="SCHEDULE RULESET 1", Blank Schedule Type Limits Name input -- will not be validated.
   ** Warning ** CheckUsedConstructions: There are 4 nominally unused constructions in input.
   **   ~~~   ** For explicit details on each unused construction, use Output:Diagnostics,DisplayExtraWarnings;
   ** Warning ** GetSimpleAirModelInputs: ZoneInfiltration:DesignFlowRate="CORE_ZN ZN DOE REF 1980-2004 - OFFICE - WHOLEBUILDING - SM OFFICE INFILTRATION", Design Flow Rate Calculation Method specifies Flow per Exterior Surface Area, but Exterior Surface Area = 0.  0 Infiltration will result.
   ************* Beginning System Sizing Calculations
   ************* Beginning Plant Sizing Calculations
   ** Warning ** Check input. Pump nominal power or motor efficiency is set to 0, for pump=SERVICE WATER LOOP PUMP
   ************* Testing Individual Branch Integrity
   ************* All Branches passed integrity testing
   ************* Testing Individual Supply Air Path Integrity
   ************* All Supply Air Paths passed integrity testing
   ************* Testing Individual Return Air Path Integrity
   ************* All Return Air Paths passed integrity testing
   ************* No node connection errors were found.
   ************* Beginning Simulation
   ** Warning ** CalcDoe2DXCoil: Coil:Cooling:DX:SingleSpeed "CORE_ZN ZN PSZ-AC 1SPD DX AC CLG COIL" - Air-cooled condenser inlet dry-bulb temperature below 0 C. Outdoor dry-bulb temperature = -5.20
   **   ~~~   **  ... Occurrence info = EL PASO INTERNATIONAL AP  UT ANN HTG 99.6% CONDNS DB, 12/21 01:12 - 01:13
   **   ~~~   ** ... Operation at low ambient temperatures may require special performance curves.
   ** Warning ** CalcDoe2DXCoil: Coil:Cooling:DX:SingleSpeed "PERIMETER_ZN_2 ZN PSZ-AC 1SPD DX AC CLG COIL" - Air-cooled condenser inlet dry-bulb temperature below 0 C. Outdoor dry-bulb temperature = -5.20
   **   ~~~   **  ... Occurrence info = EL PASO INTERNATIONAL AP  UT ANN HTG 99.6% CONDNS DB, 12/21 07:03 - 07:04
   **   ~~~   ** ... Operation at low ambient temperatures may require special performance curves.
   ************* Simulation Error Summary *************
   ************* There are 21 unused day schedules in input.
   ************* Use Output:Diagnostics,DisplayUnusedSchedules; to see them.
   *************
   ************* ===== Recurring Error Summary =====
   ************* The following recurring error messages occurred.
   *************
   *************  ** Warning ** CalcDoe2DXCoil: Coil:Cooling:DX:SingleSpeed="CORE_ZN ZN PSZ-AC 1SPD DX AC CLG COIL" - Low condenser dry-bulb temperature error continues...
   *************  **   ~~~   **   This error occurred 30 total times;
   *************  **   ~~~   **   during Warmup 0 times;
   *************  **   ~~~   **   during Sizing 0 times.
   *************  **   ~~~   **   Max=-5.2 [C]  Min=-5.2 [C]
   *************
   *************  ** Warning ** CalcDoe2DXCoil: Coil:Cooling:DX:SingleSpeed="PERIMETER_ZN_2 ZN PSZ-AC 1SPD DX AC CLG COIL" - Low condenser dry-bulb temperature error continues...
   *************  **   ~~~   **   This error occurred 10 total times;
   *************  **   ~~~   **   during Warmup 0 times;
   *************  **   ~~~   **   during Sizing 0 times.
   *************  **   ~~~   **   Max=-5.2 [C]  Min=-5.2 [C]
   *************
   *************
   ************* ===== Final Error Summary =====
   ************* The following error categories occurred.  Consider correcting or noting.
   ************* Nominally Unused Constructions
   ************* ..The nominally unused constructions warning is provided to alert you to potential conditions that can cause
   ************* ..extra time during simulation. Each construction is calculated by the algorithm indicated in the HeatBalanceAlgorithm
   ************* ..object. You may remove the constructions indicated (when you use the DisplayExtraWarnings option).
   *************
   ************* EnergyPlus Warmup Error Summary. During Warmup: 0 Warning; 0 Severe Errors.
   ************* EnergyPlus Sizing Error Summary. During Sizing: 25 Warning; 0 Severe Errors.
   ************* EnergyPlus Completed Successfully-- 67 Warning; 0 Severe Errors; Elapsed Time=00hr 00min  7.00sec
